<?xml version="1.0" encoding="UTF-8"?>
<coverage generated="1782160787535" clover="3.2.0">
  <project timestamp="1782160787535" name="All files">
    <metrics statements="36" coveredstatements="35" conditionals="10" coveredconditionals="8" methods="8" coveredmethods="8" elements="54" coveredelements="51" complexity="0" loc="36" ncloc="36" packages="1" files="2" classes="2"/>
    <file name="app.js" path="C:\Users\nixon\Documents\Coding\KaffeLoggTDD\app.js">
      <metrics statements="22" coveredstatements="21" conditionals="10" coveredconditionals="8" methods="3" coveredmethods="3"/>
      <line num="4" count="1" type="stmt"/>
      <line num="5" count="1" type="stmt"/>
      <line num="8" count="1" type="stmt"/>
      <line num="11" count="1" type="stmt"/>
      <line num="12" count="1" type="stmt"/>
      <line num="16" count="1" type="stmt"/>
      <line num="17" count="2" type="stmt"/>
      <line num="20" count="2" type="cond" truecount="6" falsecount="0"/>
      <line num="21" count="1" type="stmt"/>
      <line num="24" count="1" type="stmt"/>
      <line num="25" count="1" type="stmt"/>
      <line num="27" count="1" type="stmt"/>
      <line num="31" count="1" type="stmt"/>
      <line num="33" count="1" type="cond" truecount="1" falsecount="1"/>
      <line num="34" count="0" type="stmt"/>
      <line num="38" count="1" type="cond" truecount="1" falsecount="1"/>
      <line num="41" count="1" type="stmt"/>
      <line num="44" count="1" type="stmt"/>
      <line num="51" count="1" type="stmt"/>
      <line num="53" count="1" type="stmt"/>
      <line num="54" count="1" type="stmt"/>
      <line num="56" count="1" type="stmt"/>
    </file>
    <file name="blockchain.js" path="C:\Users\nixon\Documents\Coding\KaffeLoggTDD\blockchain.js">
      <metrics statements="14" coveredstatements="14" conditionals="0" coveredconditionals="0" methods="5" coveredmethods="5"/>
      <line num="5" count="59" type="stmt"/>
      <line num="10" count="59" type="stmt"/>
      <line num="17" count="2" type="stmt"/>
      <line num="18" count="2" type="stmt"/>
      <line num="20" count="2" type="stmt"/>
      <line num="22" count="2" type="stmt"/>
      <line num="24" count="2" type="stmt"/>
      <line num="25" count="56" type="stmt"/>
      <line num="26" count="56" type="stmt"/>
      <line num="29" count="2" type="stmt"/>
      <line num="34" count="2" type="stmt"/>
      <line num="35" count="2" type="stmt"/>
      <line num="39" count="2" type="stmt"/>
      <line num="50" count="2" type="stmt"/>
    </file>
  </project>
</coverage>
