{"C:\\Users\\nixon\\Documents\\Coding\\KaffeLoggTDD\\app.js": {"path":"C:\\Users\\nixon\\Documents\\Coding\\KaffeLoggTDD\\app.js","statementMap":{"0":{"start":{"line":4,"column":6},"end":{"line":4,"column":null}},"1":{"start":{"line":5,"column":0},"end":{"line":5,"column":null}},"2":{"start":{"line":8,"column":16},"end":{"line":8,"column":null}},"3":{"start":{"line":11,"column":0},"end":{"line":13,"column":null}},"4":{"start":{"line":12,"column":2},"end":{"line":12,"column":null}},"5":{"start":{"line":16,"column":0},"end":{"line":28,"column":null}},"6":{"start":{"line":17,"column":51},"end":{"line":17,"column":null}},"7":{"start":{"line":20,"column":2},"end":{"line":22,"column":null}},"8":{"start":{"line":21,"column":4},"end":{"line":21,"column":null}},"9":{"start":{"line":24,"column":13},"end":{"line":24,"column":null}},"10":{"start":{"line":25,"column":2},"end":{"line":25,"column":null}},"11":{"start":{"line":27,"column":2},"end":{"line":27,"column":null}},"12":{"start":{"line":31,"column":0},"end":{"line":57,"column":null}},"13":{"start":{"line":33,"column":2},"end":{"line":35,"column":null}},"14":{"start":{"line":34,"column":4},"end":{"line":34,"column":null}},"15":{"start":{"line":38,"column":8},"end":{"line":38,"column":null}},"16":{"start":{"line":41,"column":24},"end":{"line":41,"column":null}},"17":{"start":{"line":44,"column":23},"end":{"line":49,"column":null}},"18":{"start":{"line":51,"column":8},"end":{"line":51,"column":null}},"19":{"start":{"line":53,"column":2},"end":{"line":53,"column":null}},"20":{"start":{"line":54,"column":2},"end":{"line":54,"column":null}},"21":{"start":{"line":56,"column":2},"end":{"line":56,"column":null}}},"fnMap":{"0":{"name":"(anonymous_0)","decl":{"start":{"line":11,"column":8},"end":{"line":11,"column":24}},"loc":{"start":{"line":11,"column":37},"end":{"line":13,"column":1}},"line":11},"1":{"name":"(anonymous_1)","decl":{"start":{"line":16,"column":9},"end":{"line":16,"column":27}},"loc":{"start":{"line":16,"column":40},"end":{"line":28,"column":1}},"line":16},"2":{"name":"(anonymous_2)","decl":{"start":{"line":31,"column":9},"end":{"line":31,"column":19}},"loc":{"start":{"line":31,"column":32},"end":{"line":57,"column":1}},"line":31}},"branchMap":{"0":{"loc":{"start":{"line":20,"column":2},"end":{"line":22,"column":null}},"type":"if","locations":[{"start":{"line":20,"column":2},"end":{"line":22,"column":null}},{"start":{},"end":{}}],"line":20},"1":{"loc":{"start":{"line":20,"column":6},"end":{"line":20,"column":54}},"type":"binary-expr","locations":[{"start":{"line":20,"column":6},"end":{"line":20,"column":17}},{"start":{"line":20,"column":17},"end":{"line":20,"column":31}},{"start":{"line":20,"column":31},"end":{"line":20,"column":43}},{"start":{"line":20,"column":43},"end":{"line":20,"column":54}}],"line":20},"2":{"loc":{"start":{"line":33,"column":2},"end":{"line":35,"column":null}},"type":"if","locations":[{"start":{"line":33,"column":2},"end":{"line":35,"column":null}},{"start":{},"end":{}}],"line":33},"3":{"loc":{"start":{"line":38,"column":8},"end":{"line":38,"column":null}},"type":"cond-expr","locations":[{"start":{"line":38,"column":55},"end":{"line":38,"column":59}},{"start":{"line":38,"column":59},"end":{"line":38,"column":null}}],"line":38}},"s":{"0":1,"1":1,"2":1,"3":1,"4":1,"5":1,"6":2,"7":2,"8":1,"9":1,"10":1,"11":1,"12":1,"13":1,"14":0,"15":1,"16":1,"17":1,"18":1,"19":1,"20":1,"21":1},"f":{"0":1,"1":2,"2":1},"b":{"0":[1,1],"1":[2,2,1,1],"2":[0,1],"3":[1,0]},"meta":{"lastBranch":4,"lastFunction":3,"lastStatement":22,"seen":{"s:4:6:4:Infinity":0,"s:5:0:5:Infinity":1,"s:8:16:8:Infinity":2,"s:11:0:13:Infinity":3,"f:11:8:11:24":0,"s:12:2:12:Infinity":4,"s:16:0:28:Infinity":5,"f:16:9:16:27":1,"s:17:51:17:Infinity":6,"b:20:2:22:Infinity:undefined:undefined:undefined:undefined":0,"s:20:2:22:Infinity":7,"b:20:6:20:17:20:17:20:31:20:31:20:43:20:43:20:54":1,"s:21:4:21:Infinity":8,"s:24:13:24:Infinity":9,"s:25:2:25:Infinity":10,"s:27:2:27:Infinity":11,"s:31:0:57:Infinity":12,"f:31:9:31:19":2,"b:33:2:35:Infinity:undefined:undefined:undefined:undefined":2,"s:33:2:35:Infinity":13,"s:34:4:34:Infinity":14,"s:38:8:38:Infinity":15,"b:38:55:38:59:38:59:38:Infinity":3,"s:41:24:41:Infinity":16,"s:44:23:49:Infinity":17,"s:51:8:51:Infinity":18,"s:53:2:53:Infinity":19,"s:54:2:54:Infinity":20,"s:56:2:56:Infinity":21},"fnNames":{}}}
,"C:\\Users\\nixon\\Documents\\Coding\\KaffeLoggTDD\\blockchain.js": {"path":"C:\\Users\\nixon\\Documents\\Coding\\KaffeLoggTDD\\blockchain.js","statementMap":{"0":{"start":{"line":5,"column":4},"end":{"line":8,"column":15}},"1":{"start":{"line":10,"column":4},"end":{"line":13,"column":19}},"2":{"start":{"line":17,"column":23},"end":{"line":17,"column":35}},"3":{"start":{"line":18,"column":4},"end":{"line":18,"column":25}},"4":{"start":{"line":20,"column":24},"end":{"line":20,"column":46}},"5":{"start":{"line":22,"column":4},"end":{"line":22,"column":48}},"6":{"start":{"line":24,"column":4},"end":{"line":27,"column":5}},"7":{"start":{"line":25,"column":8},"end":{"line":25,"column":27}},"8":{"start":{"line":26,"column":8},"end":{"line":26,"column":52}},"9":{"start":{"line":29,"column":4},"end":{"line":29,"column":22}},"10":{"start":{"line":34,"column":4},"end":{"line":34,"column":45}},"11":{"start":{"line":35,"column":4},"end":{"line":35,"column":34}},"12":{"start":{"line":39,"column":4},"end":{"line":46,"column":6}},"13":{"start":{"line":50,"column":4},"end":{"line":50,"column":47}}},"fnMap":{"0":{"name":"calculateHash","decl":{"start":{"line":3,"column":16},"end":{"line":3,"column":29}},"loc":{"start":{"line":3,"column":37},"end":{"line":14,"column":1}},"line":3},"1":{"name":"mineBlock","decl":{"start":{"line":16,"column":16},"end":{"line":16,"column":25}},"loc":{"start":{"line":16,"column":45},"end":{"line":30,"column":1}},"line":16},"2":{"name":"constructor","decl":{"start":{"line":33,"column":2},"end":{"line":33,"column":13}},"loc":{"start":{"line":33,"column":16},"end":{"line":36,"column":3}},"line":33},"3":{"name":"createGenesisBlock","decl":{"start":{"line":38,"column":2},"end":{"line":38,"column":20}},"loc":{"start":{"line":38,"column":23},"end":{"line":47,"column":3}},"line":38},"4":{"name":"addTransaction","decl":{"start":{"line":49,"column":2},"end":{"line":49,"column":16}},"loc":{"start":{"line":49,"column":30},"end":{"line":51,"column":3}},"line":49}},"branchMap":{},"s":{"0":59,"1":59,"2":2,"3":2,"4":2,"5":2,"6":2,"7":56,"8":56,"9":2,"10":2,"11":2,"12":2,"13":2},"f":{"0":59,"1":2,"2":2,"3":2,"4":2},"b":{},"meta":{"lastBranch":0,"lastFunction":5,"lastStatement":14,"seen":{"f:3:16:3:29":0,"s:5:4:8:15":0,"s:10:4:13:19":1,"f:16:16:16:25":1,"s:17:23:17:35":2,"s:18:4:18:25":3,"s:20:24:20:46":4,"s:22:4:22:48":5,"s:24:4:27:5":6,"s:25:8:25:27":7,"s:26:8:26:52":8,"s:29:4:29:22":9,"f:33:2:33:13":2,"s:34:4:34:45":10,"s:35:4:35:34":11,"f:38:2:38:20":3,"s:39:4:46:6":12,"f:49:2:49:16":4,"s:50:4:50:47":13},"fnNames":{}}}
}
